0 info it worked if it ends with ok
1 verbose cli [ '/Users/sungjbyun/.node/bin/node',
1 verbose cli   '/Users/sungjbyun/.node/bin/npm',
1 verbose cli   'run',
1 verbose cli   'dev' ]
2 info using npm@4.0.3
3 info using node@v4.4.3
4 verbose stack Error: ENOENT: no such file or directory, open '/Users/sungjbyun/portfolio-vue/package.json'
4 verbose stack     at Error (native)
5 verbose cwd /Users/sungjbyun/portfolio-vue
6 error Darwin 15.6.0
7 error argv "/Users/sungjbyun/.node/bin/node" "/Users/sungjbyun/.node/bin/npm" "run" "dev"
8 error node v4.4.3
9 error npm  v4.0.3
10 error path /Users/sungjbyun/portfolio-vue/package.json
11 error code ENOENT
12 error errno -2
13 error syscall open
14 error enoent ENOENT: no such file or directory, open '/Users/sungjbyun/portfolio-vue/package.json'
15 error enoent ENOENT: no such file or directory, open '/Users/sungjbyun/portfolio-vue/package.json'
15 error enoent This is most likely not a problem with npm itself
15 error enoent and is related to npm not being able to find a file.
16 verbose exit [ -2, true ]
